Start testing: Mar 31 20:40 MSK
----------------------------------------------------------
1/46 Testing: IPv4AddressTest.CreateFromValidString
1/46 Test: IPv4AddressTest.CreateFromValidString
Command: "/mnt/c/Users/dA_Stronghold/Desktop/CPP/net-log-filtering-system/build/tests/tests_all" "--gtest_filter=IPv4AddressTest.CreateFromValidString" "--gtest_also_run_disabled_tests"
Directory: /mnt/c/Users/dA_Stronghold/Desktop/CPP/net-log-filtering-system/build/tests
"IPv4AddressTest.CreateFromValidString" start time: Mar 31 20:40 MSK
Output:
----------------------------------------------------------
Running main() from /mnt/c/Users/dA_Stronghold/Desktop/CPP/net-log-filtering-system/build/_deps/googletest-src/googletest/src/gtest_main.cc
Note: Google Test filter = IPv4AddressTest.CreateFromValidString
[==========] Running 1 test from 1 test suite.
[----------] Global test environment set-up.
[----------] 1 test from IPv4AddressTest
[ RUN      ] IPv4AddressTest.CreateFromValidString
[       OK ] IPv4AddressTest.CreateFromValidString (0 ms)
[----------] 1 test from IPv4AddressTest (0 ms total)

[----------] Global test environment tear-down
[==========] 1 test from 1 test suite ran. (0 ms total)
[  PASSED  ] 1 test.
<end of output>
Test time =   0.12 sec
----------------------------------------------------------
Test Passed.
"IPv4AddressTest.CreateFromValidString" end time: Mar 31 20:40 MSK
"IPv4AddressTest.CreateFromValidString" time elapsed: 00:00:00
----------------------------------------------------------

2/46 Testing: IPv4AddressTest.CreateFromInvalidString
2/46 Test: IPv4AddressTest.CreateFromInvalidString
Command: "/mnt/c/Users/dA_Stronghold/Desktop/CPP/net-log-filtering-system/build/tests/tests_all" "--gtest_filter=IPv4AddressTest.CreateFromInvalidString" "--gtest_also_run_disabled_tests"
Directory: /mnt/c/Users/dA_Stronghold/Desktop/CPP/net-log-filtering-system/build/tests
"IPv4AddressTest.CreateFromInvalidString" start time: Mar 31 20:40 MSK
Output:
----------------------------------------------------------
Running main() from /mnt/c/Users/dA_Stronghold/Desktop/CPP/net-log-filtering-system/build/_deps/googletest-src/googletest/src/gtest_main.cc
Note: Google Test filter = IPv4AddressTest.CreateFromInvalidString
[==========] Running 1 test from 1 test suite.
[----------] Global test environment set-up.
[----------] 1 test from IPv4AddressTest
[ RUN      ] IPv4AddressTest.CreateFromInvalidString
[       OK ] IPv4AddressTest.CreateFromInvalidString (0 ms)
[----------] 1 test from IPv4AddressTest (0 ms total)

[----------] Global test environment tear-down
[==========] 1 test from 1 test suite ran. (0 ms total)
[  PASSED  ] 1 test.
<end of output>
Test time =   0.12 sec
----------------------------------------------------------
Test Passed.
"IPv4AddressTest.CreateFromInvalidString" end time: Mar 31 20:40 MSK
"IPv4AddressTest.CreateFromInvalidString" time elapsed: 00:00:00
----------------------------------------------------------

3/46 Testing: IPv4AddressTest.CreateFromBytes
3/46 Test: IPv4AddressTest.CreateFromBytes
Command: "/mnt/c/Users/dA_Stronghold/Desktop/CPP/net-log-filtering-system/build/tests/tests_all" "--gtest_filter=IPv4AddressTest.CreateFromBytes" "--gtest_also_run_disabled_tests"
Directory: /mnt/c/Users/dA_Stronghold/Desktop/CPP/net-log-filtering-system/build/tests
"IPv4AddressTest.CreateFromBytes" start time: Mar 31 20:40 MSK
Output:
----------------------------------------------------------
Running main() from /mnt/c/Users/dA_Stronghold/Desktop/CPP/net-log-filtering-system/build/_deps/googletest-src/googletest/src/gtest_main.cc
Note: Google Test filter = IPv4AddressTest.CreateFromBytes
[==========] Running 1 test from 1 test suite.
[----------] Global test environment set-up.
[----------] 1 test from IPv4AddressTest
[ RUN      ] IPv4AddressTest.CreateFromBytes
[       OK ] IPv4AddressTest.CreateFromBytes (0 ms)
[----------] 1 test from IPv4AddressTest (0 ms total)

[----------] Global test environment tear-down
[==========] 1 test from 1 test suite ran. (0 ms total)
[  PASSED  ] 1 test.
<end of output>
Test time =   0.12 sec
----------------------------------------------------------
Test Passed.
"IPv4AddressTest.CreateFromBytes" end time: Mar 31 20:40 MSK
"IPv4AddressTest.CreateFromBytes" time elapsed: 00:00:00
----------------------------------------------------------

4/46 Testing: IPv4AddressTest.ComparisonOperators
4/46 Test: IPv4AddressTest.ComparisonOperators
Command: "/mnt/c/Users/dA_Stronghold/Desktop/CPP/net-log-filtering-system/build/tests/tests_all" "--gtest_filter=IPv4AddressTest.ComparisonOperators" "--gtest_also_run_disabled_tests"
Directory: /mnt/c/Users/dA_Stronghold/Desktop/CPP/net-log-filtering-system/build/tests
"IPv4AddressTest.ComparisonOperators" start time: Mar 31 20:40 MSK
Output:
----------------------------------------------------------
Running main() from /mnt/c/Users/dA_Stronghold/Desktop/CPP/net-log-filtering-system/build/_deps/googletest-src/googletest/src/gtest_main.cc
Note: Google Test filter = IPv4AddressTest.ComparisonOperators
[==========] Running 1 test from 1 test suite.
[----------] Global test environment set-up.
[----------] 1 test from IPv4AddressTest
[ RUN      ] IPv4AddressTest.ComparisonOperators
[       OK ] IPv4AddressTest.ComparisonOperators (0 ms)
[----------] 1 test from IPv4AddressTest (0 ms total)

[----------] Global test environment tear-down
[==========] 1 test from 1 test suite ran. (0 ms total)
[  PASSED  ] 1 test.
<end of output>
Test time =   0.12 sec
----------------------------------------------------------
Test Passed.
"IPv4AddressTest.ComparisonOperators" end time: Mar 31 20:40 MSK
"IPv4AddressTest.ComparisonOperators" time elapsed: 00:00:00
----------------------------------------------------------

5/46 Testing: SubnetFilterTest.CreateValidSubnet
5/46 Test: SubnetFilterTest.CreateValidSubnet
Command: "/mnt/c/Users/dA_Stronghold/Desktop/CPP/net-log-filtering-system/build/tests/tests_all" "--gtest_filter=SubnetFilterTest.CreateValidSubnet" "--gtest_also_run_disabled_tests"
Directory: /mnt/c/Users/dA_Stronghold/Desktop/CPP/net-log-filtering-system/build/tests
"SubnetFilterTest.CreateValidSubnet" start time: Mar 31 20:40 MSK
Output:
----------------------------------------------------------
Running main() from /mnt/c/Users/dA_Stronghold/Desktop/CPP/net-log-filtering-system/build/_deps/googletest-src/googletest/src/gtest_main.cc
Note: Google Test filter = SubnetFilterTest.CreateValidSubnet
[==========] Running 1 test from 1 test suite.
[----------] Global test environment set-up.
[----------] 1 test from SubnetFilterTest
[ RUN      ] SubnetFilterTest.CreateValidSubnet
[       OK ] SubnetFilterTest.CreateValidSubnet (0 ms)
[----------] 1 test from SubnetFilterTest (0 ms total)

[----------] Global test environment tear-down
[==========] 1 test from 1 test suite ran. (0 ms total)
[  PASSED  ] 1 test.
<end of output>
Test time =   0.12 sec
----------------------------------------------------------
Test Passed.
"SubnetFilterTest.CreateValidSubnet" end time: Mar 31 20:40 MSK
"SubnetFilterTest.CreateValidSubnet" time elapsed: 00:00:00
----------------------------------------------------------

6/46 Testing: SubnetFilterTest.CreateInvalidSubnet
6/46 Test: SubnetFilterTest.CreateInvalidSubnet
Command: "/mnt/c/Users/dA_Stronghold/Desktop/CPP/net-log-filtering-system/build/tests/tests_all" "--gtest_filter=SubnetFilterTest.CreateInvalidSubnet" "--gtest_also_run_disabled_tests"
Directory: /mnt/c/Users/dA_Stronghold/Desktop/CPP/net-log-filtering-system/build/tests
"SubnetFilterTest.CreateInvalidSubnet" start time: Mar 31 20:40 MSK
Output:
----------------------------------------------------------
Running main() from /mnt/c/Users/dA_Stronghold/Desktop/CPP/net-log-filtering-system/build/_deps/googletest-src/googletest/src/gtest_main.cc
Note: Google Test filter = SubnetFilterTest.CreateInvalidSubnet
[==========] Running 1 test from 1 test suite.
[----------] Global test environment set-up.
[----------] 1 test from SubnetFilterTest
[ RUN      ] SubnetFilterTest.CreateInvalidSubnet
[       OK ] SubnetFilterTest.CreateInvalidSubnet (0 ms)
[----------] 1 test from SubnetFilterTest (0 ms total)

[----------] Global test environment tear-down
[==========] 1 test from 1 test suite ran. (0 ms total)
[  PASSED  ] 1 test.
<end of output>
Test time =   0.13 sec
----------------------------------------------------------
Test Passed.
"SubnetFilterTest.CreateInvalidSubnet" end time: Mar 31 20:40 MSK
"SubnetFilterTest.CreateInvalidSubnet" time elapsed: 00:00:00
----------------------------------------------------------

7/46 Testing: SubnetFilterTest.Subnet24MatchesIPInRange
7/46 Test: SubnetFilterTest.Subnet24MatchesIPInRange
Command: "/mnt/c/Users/dA_Stronghold/Desktop/CPP/net-log-filtering-system/build/tests/tests_all" "--gtest_filter=SubnetFilterTest.Subnet24MatchesIPInRange" "--gtest_also_run_disabled_tests"
Directory: /mnt/c/Users/dA_Stronghold/Desktop/CPP/net-log-filtering-system/build/tests
"SubnetFilterTest.Subnet24MatchesIPInRange" start time: Mar 31 20:40 MSK
Output:
----------------------------------------------------------
Running main() from /mnt/c/Users/dA_Stronghold/Desktop/CPP/net-log-filtering-system/build/_deps/googletest-src/googletest/src/gtest_main.cc
Note: Google Test filter = SubnetFilterTest.Subnet24MatchesIPInRange
[==========] Running 1 test from 1 test suite.
[----------] Global test environment set-up.
[----------] 1 test from SubnetFilterTest
[ RUN      ] SubnetFilterTest.Subnet24MatchesIPInRange
[       OK ] SubnetFilterTest.Subnet24MatchesIPInRange (0 ms)
[----------] 1 test from SubnetFilterTest (0 ms total)

[----------] Global test environment tear-down
[==========] 1 test from 1 test suite ran. (0 ms total)
[  PASSED  ] 1 test.
<end of output>
Test time =   0.12 sec
----------------------------------------------------------
Test Passed.
"SubnetFilterTest.Subnet24MatchesIPInRange" end time: Mar 31 20:40 MSK
"SubnetFilterTest.Subnet24MatchesIPInRange" time elapsed: 00:00:00
----------------------------------------------------------

8/46 Testing: SubnetFilterTest.Subnet24RejectsIPOutOfRange
8/46 Test: SubnetFilterTest.Subnet24RejectsIPOutOfRange
Command: "/mnt/c/Users/dA_Stronghold/Desktop/CPP/net-log-filtering-system/build/tests/tests_all" "--gtest_filter=SubnetFilterTest.Subnet24RejectsIPOutOfRange" "--gtest_also_run_disabled_tests"
Directory: /mnt/c/Users/dA_Stronghold/Desktop/CPP/net-log-filtering-system/build/tests
"SubnetFilterTest.Subnet24RejectsIPOutOfRange" start time: Mar 31 20:40 MSK
Output:
----------------------------------------------------------
Running main() from /mnt/c/Users/dA_Stronghold/Desktop/CPP/net-log-filtering-system/build/_deps/googletest-src/googletest/src/gtest_main.cc
Note: Google Test filter = SubnetFilterTest.Subnet24RejectsIPOutOfRange
[==========] Running 1 test from 1 test suite.
[----------] Global test environment set-up.
[----------] 1 test from SubnetFilterTest
[ RUN      ] SubnetFilterTest.Subnet24RejectsIPOutOfRange
[       OK ] SubnetFilterTest.Subnet24RejectsIPOutOfRange (0 ms)
[----------] 1 test from SubnetFilterTest (0 ms total)

[----------] Global test environment tear-down
[==========] 1 test from 1 test suite ran. (0 ms total)
[  PASSED  ] 1 test.
<end of output>
Test time =   0.11 sec
----------------------------------------------------------
Test Passed.
"SubnetFilterTest.Subnet24RejectsIPOutOfRange" end time: Mar 31 20:40 MSK
"SubnetFilterTest.Subnet24RejectsIPOutOfRange" time elapsed: 00:00:00
----------------------------------------------------------

9/46 Testing: SubnetFilterTest.Subnet16MatchesIPInRange
9/46 Test: SubnetFilterTest.Subnet16MatchesIPInRange
Command: "/mnt/c/Users/dA_Stronghold/Desktop/CPP/net-log-filtering-system/build/tests/tests_all" "--gtest_filter=SubnetFilterTest.Subnet16MatchesIPInRange" "--gtest_also_run_disabled_tests"
Directory: /mnt/c/Users/dA_Stronghold/Desktop/CPP/net-log-filtering-system/build/tests
"SubnetFilterTest.Subnet16MatchesIPInRange" start time: Mar 31 20:40 MSK
Output:
----------------------------------------------------------
Running main() from /mnt/c/Users/dA_Stronghold/Desktop/CPP/net-log-filtering-system/build/_deps/googletest-src/googletest/src/gtest_main.cc
Note: Google Test filter = SubnetFilterTest.Subnet16MatchesIPInRange
[==========] Running 1 test from 1 test suite.
[----------] Global test environment set-up.
[----------] 1 test from SubnetFilterTest
[ RUN      ] SubnetFilterTest.Subnet16MatchesIPInRange
[       OK ] SubnetFilterTest.Subnet16MatchesIPInRange (0 ms)
[----------] 1 test from SubnetFilterTest (0 ms total)

[----------] Global test environment tear-down
[==========] 1 test from 1 test suite ran. (0 ms total)
[  PASSED  ] 1 test.
<end of output>
Test time =   0.09 sec
----------------------------------------------------------
Test Passed.
"SubnetFilterTest.Subnet16MatchesIPInRange" end time: Mar 31 20:40 MSK
"SubnetFilterTest.Subnet16MatchesIPInRange" time elapsed: 00:00:00
----------------------------------------------------------

10/46 Testing: SubnetFilterTest.Subnet16RejectsIPOutOfRange
10/46 Test: SubnetFilterTest.Subnet16RejectsIPOutOfRange
Command: "/mnt/c/Users/dA_Stronghold/Desktop/CPP/net-log-filtering-system/build/tests/tests_all" "--gtest_filter=SubnetFilterTest.Subnet16RejectsIPOutOfRange" "--gtest_also_run_disabled_tests"
Directory: /mnt/c/Users/dA_Stronghold/Desktop/CPP/net-log-filtering-system/build/tests
"SubnetFilterTest.Subnet16RejectsIPOutOfRange" start time: Mar 31 20:40 MSK
Output:
----------------------------------------------------------
Running main() from /mnt/c/Users/dA_Stronghold/Desktop/CPP/net-log-filtering-system/build/_deps/googletest-src/googletest/src/gtest_main.cc
Note: Google Test filter = SubnetFilterTest.Subnet16RejectsIPOutOfRange
[==========] Running 1 test from 1 test suite.
[----------] Global test environment set-up.
[----------] 1 test from SubnetFilterTest
[ RUN      ] SubnetFilterTest.Subnet16RejectsIPOutOfRange
[       OK ] SubnetFilterTest.Subnet16RejectsIPOutOfRange (0 ms)
[----------] 1 test from SubnetFilterTest (0 ms total)

[----------] Global test environment tear-down
[==========] 1 test from 1 test suite ran. (0 ms total)
[  PASSED  ] 1 test.
<end of output>
Test time =   0.08 sec
----------------------------------------------------------
Test Passed.
"SubnetFilterTest.Subnet16RejectsIPOutOfRange" end time: Mar 31 20:40 MSK
"SubnetFilterTest.Subnet16RejectsIPOutOfRange" time elapsed: 00:00:00
----------------------------------------------------------

11/46 Testing: SubnetFilterTest.Subnet8MatchesIPInRange
11/46 Test: SubnetFilterTest.Subnet8MatchesIPInRange
Command: "/mnt/c/Users/dA_Stronghold/Desktop/CPP/net-log-filtering-system/build/tests/tests_all" "--gtest_filter=SubnetFilterTest.Subnet8MatchesIPInRange" "--gtest_also_run_disabled_tests"
Directory: /mnt/c/Users/dA_Stronghold/Desktop/CPP/net-log-filtering-system/build/tests
"SubnetFilterTest.Subnet8MatchesIPInRange" start time: Mar 31 20:40 MSK
Output:
----------------------------------------------------------
Running main() from /mnt/c/Users/dA_Stronghold/Desktop/CPP/net-log-filtering-system/build/_deps/googletest-src/googletest/src/gtest_main.cc
Note: Google Test filter = SubnetFilterTest.Subnet8MatchesIPInRange
[==========] Running 1 test from 1 test suite.
[----------] Global test environment set-up.
[----------] 1 test from SubnetFilterTest
[ RUN      ] SubnetFilterTest.Subnet8MatchesIPInRange
[       OK ] SubnetFilterTest.Subnet8MatchesIPInRange (0 ms)
[----------] 1 test from SubnetFilterTest (0 ms total)

[----------] Global test environment tear-down
[==========] 1 test from 1 test suite ran. (0 ms total)
[  PASSED  ] 1 test.
<end of output>
Test time =   0.13 sec
----------------------------------------------------------
Test Passed.
"SubnetFilterTest.Subnet8MatchesIPInRange" end time: Mar 31 20:40 MSK
"SubnetFilterTest.Subnet8MatchesIPInRange" time elapsed: 00:00:00
----------------------------------------------------------

12/46 Testing: SubnetFilterTest.Subnet8RejectsIPOutOfRange
12/46 Test: SubnetFilterTest.Subnet8RejectsIPOutOfRange
Command: "/mnt/c/Users/dA_Stronghold/Desktop/CPP/net-log-filtering-system/build/tests/tests_all" "--gtest_filter=SubnetFilterTest.Subnet8RejectsIPOutOfRange" "--gtest_also_run_disabled_tests"
Directory: /mnt/c/Users/dA_Stronghold/Desktop/CPP/net-log-filtering-system/build/tests
"SubnetFilterTest.Subnet8RejectsIPOutOfRange" start time: Mar 31 20:40 MSK
Output:
----------------------------------------------------------
Running main() from /mnt/c/Users/dA_Stronghold/Desktop/CPP/net-log-filtering-system/build/_deps/googletest-src/googletest/src/gtest_main.cc
Note: Google Test filter = SubnetFilterTest.Subnet8RejectsIPOutOfRange
[==========] Running 1 test from 1 test suite.
[----------] Global test environment set-up.
[----------] 1 test from SubnetFilterTest
[ RUN      ] SubnetFilterTest.Subnet8RejectsIPOutOfRange
[       OK ] SubnetFilterTest.Subnet8RejectsIPOutOfRange (0 ms)
[----------] 1 test from SubnetFilterTest (0 ms total)

[----------] Global test environment tear-down
[==========] 1 test from 1 test suite ran. (0 ms total)
[  PASSED  ] 1 test.
<end of output>
Test time =   0.18 sec
----------------------------------------------------------
Test Passed.
"SubnetFilterTest.Subnet8RejectsIPOutOfRange" end time: Mar 31 20:40 MSK
"SubnetFilterTest.Subnet8RejectsIPOutOfRange" time elapsed: 00:00:00
----------------------------------------------------------

13/46 Testing: SubnetFilterTest.Subnet32MatchesExactIP
13/46 Test: SubnetFilterTest.Subnet32MatchesExactIP
Command: "/mnt/c/Users/dA_Stronghold/Desktop/CPP/net-log-filtering-system/build/tests/tests_all" "--gtest_filter=SubnetFilterTest.Subnet32MatchesExactIP" "--gtest_also_run_disabled_tests"
Directory: /mnt/c/Users/dA_Stronghold/Desktop/CPP/net-log-filtering-system/build/tests
"SubnetFilterTest.Subnet32MatchesExactIP" start time: Mar 31 20:40 MSK
Output:
----------------------------------------------------------
Running main() from /mnt/c/Users/dA_Stronghold/Desktop/CPP/net-log-filtering-system/build/_deps/googletest-src/googletest/src/gtest_main.cc
Note: Google Test filter = SubnetFilterTest.Subnet32MatchesExactIP
[==========] Running 1 test from 1 test suite.
[----------] Global test environment set-up.
[----------] 1 test from SubnetFilterTest
[ RUN      ] SubnetFilterTest.Subnet32MatchesExactIP
[       OK ] SubnetFilterTest.Subnet32MatchesExactIP (0 ms)
[----------] 1 test from SubnetFilterTest (0 ms total)

[----------] Global test environment tear-down
[==========] 1 test from 1 test suite ran. (0 ms total)
[  PASSED  ] 1 test.
<end of output>
Test time =   0.13 sec
----------------------------------------------------------
Test Passed.
"SubnetFilterTest.Subnet32MatchesExactIP" end time: Mar 31 20:40 MSK
"SubnetFilterTest.Subnet32MatchesExactIP" time elapsed: 00:00:00
----------------------------------------------------------

14/46 Testing: SubnetFilterTest.Subnet32RejectsOtherIPs
14/46 Test: SubnetFilterTest.Subnet32RejectsOtherIPs
Command: "/mnt/c/Users/dA_Stronghold/Desktop/CPP/net-log-filtering-system/build/tests/tests_all" "--gtest_filter=SubnetFilterTest.Subnet32RejectsOtherIPs" "--gtest_also_run_disabled_tests"
Directory: /mnt/c/Users/dA_Stronghold/Desktop/CPP/net-log-filtering-system/build/tests
"SubnetFilterTest.Subnet32RejectsOtherIPs" start time: Mar 31 20:40 MSK
Output:
----------------------------------------------------------
Running main() from /mnt/c/Users/dA_Stronghold/Desktop/CPP/net-log-filtering-system/build/_deps/googletest-src/googletest/src/gtest_main.cc
Note: Google Test filter = SubnetFilterTest.Subnet32RejectsOtherIPs
[==========] Running 1 test from 1 test suite.
[----------] Global test environment set-up.
[----------] 1 test from SubnetFilterTest
[ RUN      ] SubnetFilterTest.Subnet32RejectsOtherIPs
[       OK ] SubnetFilterTest.Subnet32RejectsOtherIPs (0 ms)
[----------] 1 test from SubnetFilterTest (0 ms total)

[----------] Global test environment tear-down
[==========] 1 test from 1 test suite ran. (0 ms total)
[  PASSED  ] 1 test.
<end of output>
Test time =   0.13 sec
----------------------------------------------------------
Test Passed.
"SubnetFilterTest.Subnet32RejectsOtherIPs" end time: Mar 31 20:40 MSK
"SubnetFilterTest.Subnet32RejectsOtherIPs" time elapsed: 00:00:00
----------------------------------------------------------

15/46 Testing: SubnetFilterTest.Subnet0MatchesAllIPs
15/46 Test: SubnetFilterTest.Subnet0MatchesAllIPs
Command: "/mnt/c/Users/dA_Stronghold/Desktop/CPP/net-log-filtering-system/build/tests/tests_all" "--gtest_filter=SubnetFilterTest.Subnet0MatchesAllIPs" "--gtest_also_run_disabled_tests"
Directory: /mnt/c/Users/dA_Stronghold/Desktop/CPP/net-log-filtering-system/build/tests
"SubnetFilterTest.Subnet0MatchesAllIPs" start time: Mar 31 20:40 MSK
Output:
----------------------------------------------------------
Running main() from /mnt/c/Users/dA_Stronghold/Desktop/CPP/net-log-filtering-system/build/_deps/googletest-src/googletest/src/gtest_main.cc
Note: Google Test filter = SubnetFilterTest.Subnet0MatchesAllIPs
[==========] Running 1 test from 1 test suite.
[----------] Global test environment set-up.
[----------] 1 test from SubnetFilterTest
[ RUN      ] SubnetFilterTest.Subnet0MatchesAllIPs
[       OK ] SubnetFilterTest.Subnet0MatchesAllIPs (0 ms)
[----------] 1 test from SubnetFilterTest (0 ms total)

[----------] Global test environment tear-down
[==========] 1 test from 1 test suite ran. (0 ms total)
[  PASSED  ] 1 test.
<end of output>
Test time =   0.13 sec
----------------------------------------------------------
Test Passed.
"SubnetFilterTest.Subnet0MatchesAllIPs" end time: Mar 31 20:40 MSK
"SubnetFilterTest.Subnet0MatchesAllIPs" time elapsed: 00:00:00
----------------------------------------------------------

16/46 Testing: SubnetFilterTest.EdgeCases
16/46 Test: SubnetFilterTest.EdgeCases
Command: "/mnt/c/Users/dA_Stronghold/Desktop/CPP/net-log-filtering-system/build/tests/tests_all" "--gtest_filter=SubnetFilterTest.EdgeCases" "--gtest_also_run_disabled_tests"
Directory: /mnt/c/Users/dA_Stronghold/Desktop/CPP/net-log-filtering-system/build/tests
"SubnetFilterTest.EdgeCases" start time: Mar 31 20:40 MSK
Output:
----------------------------------------------------------
Running main() from /mnt/c/Users/dA_Stronghold/Desktop/CPP/net-log-filtering-system/build/_deps/googletest-src/googletest/src/gtest_main.cc
Note: Google Test filter = SubnetFilterTest.EdgeCases
[==========] Running 1 test from 1 test suite.
[----------] Global test environment set-up.
[----------] 1 test from SubnetFilterTest
[ RUN      ] SubnetFilterTest.EdgeCases
[       OK ] SubnetFilterTest.EdgeCases (0 ms)
[----------] 1 test from SubnetFilterTest (0 ms total)

[----------] Global test environment tear-down
[==========] 1 test from 1 test suite ran. (0 ms total)
[  PASSED  ] 1 test.
<end of output>
Test time =   0.13 sec
----------------------------------------------------------
Test Passed.
"SubnetFilterTest.EdgeCases" end time: Mar 31 20:40 MSK
"SubnetFilterTest.EdgeCases" time elapsed: 00:00:00
----------------------------------------------------------

17/46 Testing: RangeFilterTest.CreateValidRange
17/46 Test: RangeFilterTest.CreateValidRange
Command: "/mnt/c/Users/dA_Stronghold/Desktop/CPP/net-log-filtering-system/build/tests/tests_all" "--gtest_filter=RangeFilterTest.CreateValidRange" "--gtest_also_run_disabled_tests"
Directory: /mnt/c/Users/dA_Stronghold/Desktop/CPP/net-log-filtering-system/build/tests
"RangeFilterTest.CreateValidRange" start time: Mar 31 20:40 MSK
Output:
----------------------------------------------------------
Running main() from /mnt/c/Users/dA_Stronghold/Desktop/CPP/net-log-filtering-system/build/_deps/googletest-src/googletest/src/gtest_main.cc
Note: Google Test filter = RangeFilterTest.CreateValidRange
[==========] Running 1 test from 1 test suite.
[----------] Global test environment set-up.
[----------] 1 test from RangeFilterTest
[ RUN      ] RangeFilterTest.CreateValidRange
[       OK ] RangeFilterTest.CreateValidRange (0 ms)
[----------] 1 test from RangeFilterTest (0 ms total)

[----------] Global test environment tear-down
[==========] 1 test from 1 test suite ran. (0 ms total)
[  PASSED  ] 1 test.
<end of output>
Test time =   0.12 sec
----------------------------------------------------------
Test Passed.
"RangeFilterTest.CreateValidRange" end time: Mar 31 20:40 MSK
"RangeFilterTest.CreateValidRange" time elapsed: 00:00:00
----------------------------------------------------------

18/46 Testing: RangeFilterTest.CreateValidRangeFromOneString
18/46 Test: RangeFilterTest.CreateValidRangeFromOneString
Command: "/mnt/c/Users/dA_Stronghold/Desktop/CPP/net-log-filtering-system/build/tests/tests_all" "--gtest_filter=RangeFilterTest.CreateValidRangeFromOneString" "--gtest_also_run_disabled_tests"
Directory: /mnt/c/Users/dA_Stronghold/Desktop/CPP/net-log-filtering-system/build/tests
"RangeFilterTest.CreateValidRangeFromOneString" start time: Mar 31 20:40 MSK
Output:
----------------------------------------------------------
Running main() from /mnt/c/Users/dA_Stronghold/Desktop/CPP/net-log-filtering-system/build/_deps/googletest-src/googletest/src/gtest_main.cc
Note: Google Test filter = RangeFilterTest.CreateValidRangeFromOneString
[==========] Running 1 test from 1 test suite.
[----------] Global test environment set-up.
[----------] 1 test from RangeFilterTest
[ RUN      ] RangeFilterTest.CreateValidRangeFromOneString
[       OK ] RangeFilterTest.CreateValidRangeFromOneString (0 ms)
[----------] 1 test from RangeFilterTest (0 ms total)

[----------] Global test environment tear-down
[==========] 1 test from 1 test suite ran. (0 ms total)
[  PASSED  ] 1 test.
<end of output>
Test time =   0.13 sec
----------------------------------------------------------
Test Passed.
"RangeFilterTest.CreateValidRangeFromOneString" end time: Mar 31 20:40 MSK
"RangeFilterTest.CreateValidRangeFromOneString" time elapsed: 00:00:00
----------------------------------------------------------

19/46 Testing: RangeFilterTest.CreateInvalidRangeFromOneString
19/46 Test: RangeFilterTest.CreateInvalidRangeFromOneString
Command: "/mnt/c/Users/dA_Stronghold/Desktop/CPP/net-log-filtering-system/build/tests/tests_all" "--gtest_filter=RangeFilterTest.CreateInvalidRangeFromOneString" "--gtest_also_run_disabled_tests"
Directory: /mnt/c/Users/dA_Stronghold/Desktop/CPP/net-log-filtering-system/build/tests
"RangeFilterTest.CreateInvalidRangeFromOneString" start time: Mar 31 20:40 MSK
Output:
----------------------------------------------------------
Running main() from /mnt/c/Users/dA_Stronghold/Desktop/CPP/net-log-filtering-system/build/_deps/googletest-src/googletest/src/gtest_main.cc
Note: Google Test filter = RangeFilterTest.CreateInvalidRangeFromOneString
[==========] Running 1 test from 1 test suite.
[----------] Global test environment set-up.
[----------] 1 test from RangeFilterTest
[ RUN      ] RangeFilterTest.CreateInvalidRangeFromOneString
[       OK ] RangeFilterTest.CreateInvalidRangeFromOneString (0 ms)
[----------] 1 test from RangeFilterTest (0 ms total)

[----------] Global test environment tear-down
[==========] 1 test from 1 test suite ran. (0 ms total)
[  PASSED  ] 1 test.
<end of output>
Test time =   0.12 sec
----------------------------------------------------------
Test Passed.
"RangeFilterTest.CreateInvalidRangeFromOneString" end time: Mar 31 20:40 MSK
"RangeFilterTest.CreateInvalidRangeFromOneString" time elapsed: 00:00:00
----------------------------------------------------------

20/46 Testing: RangeFilterTest.CreateValidRangeWithBoundaries
20/46 Test: RangeFilterTest.CreateValidRangeWithBoundaries
Command: "/mnt/c/Users/dA_Stronghold/Desktop/CPP/net-log-filtering-system/build/tests/tests_all" "--gtest_filter=RangeFilterTest.CreateValidRangeWithBoundaries" "--gtest_also_run_disabled_tests"
Directory: /mnt/c/Users/dA_Stronghold/Desktop/CPP/net-log-filtering-system/build/tests
"RangeFilterTest.CreateValidRangeWithBoundaries" start time: Mar 31 20:40 MSK
Output:
----------------------------------------------------------
Running main() from /mnt/c/Users/dA_Stronghold/Desktop/CPP/net-log-filtering-system/build/_deps/googletest-src/googletest/src/gtest_main.cc
Note: Google Test filter = RangeFilterTest.CreateValidRangeWithBoundaries
[==========] Running 1 test from 1 test suite.
[----------] Global test environment set-up.
[----------] 1 test from RangeFilterTest
[ RUN      ] RangeFilterTest.CreateValidRangeWithBoundaries
[       OK ] RangeFilterTest.CreateValidRangeWithBoundaries (0 ms)
[----------] 1 test from RangeFilterTest (0 ms total)

[----------] Global test environment tear-down
[==========] 1 test from 1 test suite ran. (0 ms total)
[  PASSED  ] 1 test.
<end of output>
Test time =   0.13 sec
----------------------------------------------------------
Test Passed.
"RangeFilterTest.CreateValidRangeWithBoundaries" end time: Mar 31 20:40 MSK
"RangeFilterTest.CreateValidRangeWithBoundaries" time elapsed: 00:00:00
----------------------------------------------------------

21/46 Testing: RangeFilterTest.CreateInvalidRangeStartGreaterThanEnd
21/46 Test: RangeFilterTest.CreateInvalidRangeStartGreaterThanEnd
Command: "/mnt/c/Users/dA_Stronghold/Desktop/CPP/net-log-filtering-system/build/tests/tests_all" "--gtest_filter=RangeFilterTest.CreateInvalidRangeStartGreaterThanEnd" "--gtest_also_run_disabled_tests"
Directory: /mnt/c/Users/dA_Stronghold/Desktop/CPP/net-log-filtering-system/build/tests
"RangeFilterTest.CreateInvalidRangeStartGreaterThanEnd" start time: Mar 31 20:40 MSK
Output:
----------------------------------------------------------
Running main() from /mnt/c/Users/dA_Stronghold/Desktop/CPP/net-log-filtering-system/build/_deps/googletest-src/googletest/src/gtest_main.cc
Note: Google Test filter = RangeFilterTest.CreateInvalidRangeStartGreaterThanEnd
[==========] Running 1 test from 1 test suite.
[----------] Global test environment set-up.
[----------] 1 test from RangeFilterTest
[ RUN      ] RangeFilterTest.CreateInvalidRangeStartGreaterThanEnd
[       OK ] RangeFilterTest.CreateInvalidRangeStartGreaterThanEnd (0 ms)
[----------] 1 test from RangeFilterTest (0 ms total)

[----------] Global test environment tear-down
[==========] 1 test from 1 test suite ran. (0 ms total)
[  PASSED  ] 1 test.
<end of output>
Test time =   0.12 sec
----------------------------------------------------------
Test Passed.
"RangeFilterTest.CreateInvalidRangeStartGreaterThanEnd" end time: Mar 31 20:40 MSK
"RangeFilterTest.CreateInvalidRangeStartGreaterThanEnd" time elapsed: 00:00:00
----------------------------------------------------------

22/46 Testing: RangeFilterTest.CreateInvalidRangeInvalidStart
22/46 Test: RangeFilterTest.CreateInvalidRangeInvalidStart
Command: "/mnt/c/Users/dA_Stronghold/Desktop/CPP/net-log-filtering-system/build/tests/tests_all" "--gtest_filter=RangeFilterTest.CreateInvalidRangeInvalidStart" "--gtest_also_run_disabled_tests"
Directory: /mnt/c/Users/dA_Stronghold/Desktop/CPP/net-log-filtering-system/build/tests
"RangeFilterTest.CreateInvalidRangeInvalidStart" start time: Mar 31 20:40 MSK
Output:
----------------------------------------------------------
Running main() from /mnt/c/Users/dA_Stronghold/Desktop/CPP/net-log-filtering-system/build/_deps/googletest-src/googletest/src/gtest_main.cc
Note: Google Test filter = RangeFilterTest.CreateInvalidRangeInvalidStart
[==========] Running 1 test from 1 test suite.
[----------] Global test environment set-up.
[----------] 1 test from RangeFilterTest
[ RUN      ] RangeFilterTest.CreateInvalidRangeInvalidStart
[       OK ] RangeFilterTest.CreateInvalidRangeInvalidStart (0 ms)
[----------] 1 test from RangeFilterTest (0 ms total)

[----------] Global test environment tear-down
[==========] 1 test from 1 test suite ran. (0 ms total)
[  PASSED  ] 1 test.
<end of output>
Test time =   0.12 sec
----------------------------------------------------------
Test Passed.
"RangeFilterTest.CreateInvalidRangeInvalidStart" end time: Mar 31 20:40 MSK
"RangeFilterTest.CreateInvalidRangeInvalidStart" time elapsed: 00:00:00
----------------------------------------------------------

23/46 Testing: RangeFilterTest.CreateInvalidRangeInvalidEnd
23/46 Test: RangeFilterTest.CreateInvalidRangeInvalidEnd
Command: "/mnt/c/Users/dA_Stronghold/Desktop/CPP/net-log-filtering-system/build/tests/tests_all" "--gtest_filter=RangeFilterTest.CreateInvalidRangeInvalidEnd" "--gtest_also_run_disabled_tests"
Directory: /mnt/c/Users/dA_Stronghold/Desktop/CPP/net-log-filtering-system/build/tests
"RangeFilterTest.CreateInvalidRangeInvalidEnd" start time: Mar 31 20:40 MSK
Output:
----------------------------------------------------------
Running main() from /mnt/c/Users/dA_Stronghold/Desktop/CPP/net-log-filtering-system/build/_deps/googletest-src/googletest/src/gtest_main.cc
Note: Google Test filter = RangeFilterTest.CreateInvalidRangeInvalidEnd
[==========] Running 1 test from 1 test suite.
[----------] Global test environment set-up.
[----------] 1 test from RangeFilterTest
[ RUN      ] RangeFilterTest.CreateInvalidRangeInvalidEnd
[       OK ] RangeFilterTest.CreateInvalidRangeInvalidEnd (0 ms)
[----------] 1 test from RangeFilterTest (0 ms total)

[----------] Global test environment tear-down
[==========] 1 test from 1 test suite ran. (0 ms total)
[  PASSED  ] 1 test.
<end of output>
Test time =   0.12 sec
----------------------------------------------------------
Test Passed.
"RangeFilterTest.CreateInvalidRangeInvalidEnd" end time: Mar 31 20:40 MSK
"RangeFilterTest.CreateInvalidRangeInvalidEnd" time elapsed: 00:00:00
----------------------------------------------------------

24/46 Testing: RangeFilterTest.MatchesIPInRange
24/46 Test: RangeFilterTest.MatchesIPInRange
Command: "/mnt/c/Users/dA_Stronghold/Desktop/CPP/net-log-filtering-system/build/tests/tests_all" "--gtest_filter=RangeFilterTest.MatchesIPInRange" "--gtest_also_run_disabled_tests"
Directory: /mnt/c/Users/dA_Stronghold/Desktop/CPP/net-log-filtering-system/build/tests
"RangeFilterTest.MatchesIPInRange" start time: Mar 31 20:40 MSK
Output:
----------------------------------------------------------
Running main() from /mnt/c/Users/dA_Stronghold/Desktop/CPP/net-log-filtering-system/build/_deps/googletest-src/googletest/src/gtest_main.cc
Note: Google Test filter = RangeFilterTest.MatchesIPInRange
[==========] Running 1 test from 1 test suite.
[----------] Global test environment set-up.
[----------] 1 test from RangeFilterTest
[ RUN      ] RangeFilterTest.MatchesIPInRange
[       OK ] RangeFilterTest.MatchesIPInRange (0 ms)
[----------] 1 test from RangeFilterTest (0 ms total)

[----------] Global test environment tear-down
[==========] 1 test from 1 test suite ran. (0 ms total)
[  PASSED  ] 1 test.
<end of output>
Test time =   0.13 sec
----------------------------------------------------------
Test Passed.
"RangeFilterTest.MatchesIPInRange" end time: Mar 31 20:40 MSK
"RangeFilterTest.MatchesIPInRange" time elapsed: 00:00:00
----------------------------------------------------------

25/46 Testing: RangeFilterTest.RejectsIPBelowRange
25/46 Test: RangeFilterTest.RejectsIPBelowRange
Command: "/mnt/c/Users/dA_Stronghold/Desktop/CPP/net-log-filtering-system/build/tests/tests_all" "--gtest_filter=RangeFilterTest.RejectsIPBelowRange" "--gtest_also_run_disabled_tests"
Directory: /mnt/c/Users/dA_Stronghold/Desktop/CPP/net-log-filtering-system/build/tests
"RangeFilterTest.RejectsIPBelowRange" start time: Mar 31 20:40 MSK
Output:
----------------------------------------------------------
Running main() from /mnt/c/Users/dA_Stronghold/Desktop/CPP/net-log-filtering-system/build/_deps/googletest-src/googletest/src/gtest_main.cc
Note: Google Test filter = RangeFilterTest.RejectsIPBelowRange
[==========] Running 1 test from 1 test suite.
[----------] Global test environment set-up.
[----------] 1 test from RangeFilterTest
[ RUN      ] RangeFilterTest.RejectsIPBelowRange
[       OK ] RangeFilterTest.RejectsIPBelowRange (0 ms)
[----------] 1 test from RangeFilterTest (0 ms total)

[----------] Global test environment tear-down
[==========] 1 test from 1 test suite ran. (0 ms total)
[  PASSED  ] 1 test.
<end of output>
Test time =   0.12 sec
----------------------------------------------------------
Test Passed.
"RangeFilterTest.RejectsIPBelowRange" end time: Mar 31 20:40 MSK
"RangeFilterTest.RejectsIPBelowRange" time elapsed: 00:00:00
----------------------------------------------------------

26/46 Testing: RangeFilterTest.RejectsIPAboveRange
26/46 Test: RangeFilterTest.RejectsIPAboveRange
Command: "/mnt/c/Users/dA_Stronghold/Desktop/CPP/net-log-filtering-system/build/tests/tests_all" "--gtest_filter=RangeFilterTest.RejectsIPAboveRange" "--gtest_also_run_disabled_tests"
Directory: /mnt/c/Users/dA_Stronghold/Desktop/CPP/net-log-filtering-system/build/tests
"RangeFilterTest.RejectsIPAboveRange" start time: Mar 31 20:40 MSK
Output:
----------------------------------------------------------
Running main() from /mnt/c/Users/dA_Stronghold/Desktop/CPP/net-log-filtering-system/build/_deps/googletest-src/googletest/src/gtest_main.cc
Note: Google Test filter = RangeFilterTest.RejectsIPAboveRange
[==========] Running 1 test from 1 test suite.
[----------] Global test environment set-up.
[----------] 1 test from RangeFilterTest
[ RUN      ] RangeFilterTest.RejectsIPAboveRange
[       OK ] RangeFilterTest.RejectsIPAboveRange (0 ms)
[----------] 1 test from RangeFilterTest (0 ms total)

[----------] Global test environment tear-down
[==========] 1 test from 1 test suite ran. (0 ms total)
[  PASSED  ] 1 test.
<end of output>
Test time =   0.13 sec
----------------------------------------------------------
Test Passed.
"RangeFilterTest.RejectsIPAboveRange" end time: Mar 31 20:40 MSK
"RangeFilterTest.RejectsIPAboveRange" time elapsed: 00:00:00
----------------------------------------------------------

27/46 Testing: RangeFilterTest.RejectsIPFromDifferentSubnet
27/46 Test: RangeFilterTest.RejectsIPFromDifferentSubnet
Command: "/mnt/c/Users/dA_Stronghold/Desktop/CPP/net-log-filtering-system/build/tests/tests_all" "--gtest_filter=RangeFilterTest.RejectsIPFromDifferentSubnet" "--gtest_also_run_disabled_tests"
Directory: /mnt/c/Users/dA_Stronghold/Desktop/CPP/net-log-filtering-system/build/tests
"RangeFilterTest.RejectsIPFromDifferentSubnet" start time: Mar 31 20:40 MSK
Output:
----------------------------------------------------------
Running main() from /mnt/c/Users/dA_Stronghold/Desktop/CPP/net-log-filtering-system/build/_deps/googletest-src/googletest/src/gtest_main.cc
Note: Google Test filter = RangeFilterTest.RejectsIPFromDifferentSubnet
[==========] Running 1 test from 1 test suite.
[----------] Global test environment set-up.
[----------] 1 test from RangeFilterTest
[ RUN      ] RangeFilterTest.RejectsIPFromDifferentSubnet
[       OK ] RangeFilterTest.RejectsIPFromDifferentSubnet (0 ms)
[----------] 1 test from RangeFilterTest (0 ms total)

[----------] Global test environment tear-down
[==========] 1 test from 1 test suite ran. (0 ms total)
[  PASSED  ] 1 test.
<end of output>
Test time =   0.12 sec
----------------------------------------------------------
Test Passed.
"RangeFilterTest.RejectsIPFromDifferentSubnet" end time: Mar 31 20:40 MSK
"RangeFilterTest.RejectsIPFromDifferentSubnet" time elapsed: 00:00:00
----------------------------------------------------------

28/46 Testing: RangeFilterTest.SingleIPRange
28/46 Test: RangeFilterTest.SingleIPRange
Command: "/mnt/c/Users/dA_Stronghold/Desktop/CPP/net-log-filtering-system/build/tests/tests_all" "--gtest_filter=RangeFilterTest.SingleIPRange" "--gtest_also_run_disabled_tests"
Directory: /mnt/c/Users/dA_Stronghold/Desktop/CPP/net-log-filtering-system/build/tests
"RangeFilterTest.SingleIPRange" start time: Mar 31 20:40 MSK
Output:
----------------------------------------------------------
Running main() from /mnt/c/Users/dA_Stronghold/Desktop/CPP/net-log-filtering-system/build/_deps/googletest-src/googletest/src/gtest_main.cc
Note: Google Test filter = RangeFilterTest.SingleIPRange
[==========] Running 1 test from 1 test suite.
[----------] Global test environment set-up.
[----------] 1 test from RangeFilterTest
[ RUN      ] RangeFilterTest.SingleIPRange
[       OK ] RangeFilterTest.SingleIPRange (0 ms)
[----------] 1 test from RangeFilterTest (0 ms total)

[----------] Global test environment tear-down
[==========] 1 test from 1 test suite ran. (0 ms total)
[  PASSED  ] 1 test.
<end of output>
Test time =   0.12 sec
----------------------------------------------------------
Test Passed.
"RangeFilterTest.SingleIPRange" end time: Mar 31 20:40 MSK
"RangeFilterTest.SingleIPRange" time elapsed: 00:00:00
----------------------------------------------------------

29/46 Testing: RangeFilterTest.RangeFromZeroToBroadcast
29/46 Test: RangeFilterTest.RangeFromZeroToBroadcast
Command: "/mnt/c/Users/dA_Stronghold/Desktop/CPP/net-log-filtering-system/build/tests/tests_all" "--gtest_filter=RangeFilterTest.RangeFromZeroToBroadcast" "--gtest_also_run_disabled_tests"
Directory: /mnt/c/Users/dA_Stronghold/Desktop/CPP/net-log-filtering-system/build/tests
"RangeFilterTest.RangeFromZeroToBroadcast" start time: Mar 31 20:40 MSK
Output:
----------------------------------------------------------
Running main() from /mnt/c/Users/dA_Stronghold/Desktop/CPP/net-log-filtering-system/build/_deps/googletest-src/googletest/src/gtest_main.cc
Note: Google Test filter = RangeFilterTest.RangeFromZeroToBroadcast
[==========] Running 1 test from 1 test suite.
[----------] Global test environment set-up.
[----------] 1 test from RangeFilterTest
[ RUN      ] RangeFilterTest.RangeFromZeroToBroadcast
[       OK ] RangeFilterTest.RangeFromZeroToBroadcast (0 ms)
[----------] 1 test from RangeFilterTest (0 ms total)

[----------] Global test environment tear-down
[==========] 1 test from 1 test suite ran. (0 ms total)
[  PASSED  ] 1 test.
<end of output>
Test time =   0.12 sec
----------------------------------------------------------
Test Passed.
"RangeFilterTest.RangeFromZeroToBroadcast" end time: Mar 31 20:40 MSK
"RangeFilterTest.RangeFromZeroToBroadcast" time elapsed: 00:00:00
----------------------------------------------------------

30/46 Testing: RangeFilterTest.RangeFromZeroToSpecific
30/46 Test: RangeFilterTest.RangeFromZeroToSpecific
Command: "/mnt/c/Users/dA_Stronghold/Desktop/CPP/net-log-filtering-system/build/tests/tests_all" "--gtest_filter=RangeFilterTest.RangeFromZeroToSpecific" "--gtest_also_run_disabled_tests"
Directory: /mnt/c/Users/dA_Stronghold/Desktop/CPP/net-log-filtering-system/build/tests
"RangeFilterTest.RangeFromZeroToSpecific" start time: Mar 31 20:40 MSK
Output:
----------------------------------------------------------
Running main() from /mnt/c/Users/dA_Stronghold/Desktop/CPP/net-log-filtering-system/build/_deps/googletest-src/googletest/src/gtest_main.cc
Note: Google Test filter = RangeFilterTest.RangeFromZeroToSpecific
[==========] Running 1 test from 1 test suite.
[----------] Global test environment set-up.
[----------] 1 test from RangeFilterTest
[ RUN      ] RangeFilterTest.RangeFromZeroToSpecific
[       OK ] RangeFilterTest.RangeFromZeroToSpecific (0 ms)
[----------] 1 test from RangeFilterTest (0 ms total)

[----------] Global test environment tear-down
[==========] 1 test from 1 test suite ran. (0 ms total)
[  PASSED  ] 1 test.
<end of output>
Test time =   0.12 sec
----------------------------------------------------------
Test Passed.
"RangeFilterTest.RangeFromZeroToSpecific" end time: Mar 31 20:40 MSK
"RangeFilterTest.RangeFromZeroToSpecific" time elapsed: 00:00:00
----------------------------------------------------------

31/46 Testing: RangeFilterTest.RangeFromSpecificToBroadcast
31/46 Test: RangeFilterTest.RangeFromSpecificToBroadcast
Command: "/mnt/c/Users/dA_Stronghold/Desktop/CPP/net-log-filtering-system/build/tests/tests_all" "--gtest_filter=RangeFilterTest.RangeFromSpecificToBroadcast" "--gtest_also_run_disabled_tests"
Directory: /mnt/c/Users/dA_Stronghold/Desktop/CPP/net-log-filtering-system/build/tests
"RangeFilterTest.RangeFromSpecificToBroadcast" start time: Mar 31 20:40 MSK
Output:
----------------------------------------------------------
Running main() from /mnt/c/Users/dA_Stronghold/Desktop/CPP/net-log-filtering-system/build/_deps/googletest-src/googletest/src/gtest_main.cc
Note: Google Test filter = RangeFilterTest.RangeFromSpecificToBroadcast
[==========] Running 1 test from 1 test suite.
[----------] Global test environment set-up.
[----------] 1 test from RangeFilterTest
[ RUN      ] RangeFilterTest.RangeFromSpecificToBroadcast
[       OK ] RangeFilterTest.RangeFromSpecificToBroadcast (0 ms)
[----------] 1 test from RangeFilterTest (0 ms total)

[----------] Global test environment tear-down
[==========] 1 test from 1 test suite ran. (0 ms total)
[  PASSED  ] 1 test.
<end of output>
Test time =   0.17 sec
----------------------------------------------------------
Test Passed.
"RangeFilterTest.RangeFromSpecificToBroadcast" end time: Mar 31 20:40 MSK
"RangeFilterTest.RangeFromSpecificToBroadcast" time elapsed: 00:00:00
----------------------------------------------------------

32/46 Testing: RangeFilterTest.PrivateNetworkRange
32/46 Test: RangeFilterTest.PrivateNetworkRange
Command: "/mnt/c/Users/dA_Stronghold/Desktop/CPP/net-log-filtering-system/build/tests/tests_all" "--gtest_filter=RangeFilterTest.PrivateNetworkRange" "--gtest_also_run_disabled_tests"
Directory: /mnt/c/Users/dA_Stronghold/Desktop/CPP/net-log-filtering-system/build/tests
"RangeFilterTest.PrivateNetworkRange" start time: Mar 31 20:40 MSK
Output:
----------------------------------------------------------
Running main() from /mnt/c/Users/dA_Stronghold/Desktop/CPP/net-log-filtering-system/build/_deps/googletest-src/googletest/src/gtest_main.cc
Note: Google Test filter = RangeFilterTest.PrivateNetworkRange
[==========] Running 1 test from 1 test suite.
[----------] Global test environment set-up.
[----------] 1 test from RangeFilterTest
[ RUN      ] RangeFilterTest.PrivateNetworkRange
[       OK ] RangeFilterTest.PrivateNetworkRange (0 ms)
[----------] 1 test from RangeFilterTest (0 ms total)

[----------] Global test environment tear-down
[==========] 1 test from 1 test suite ran. (0 ms total)
[  PASSED  ] 1 test.
<end of output>
Test time =   0.19 sec
----------------------------------------------------------
Test Passed.
"RangeFilterTest.PrivateNetworkRange" end time: Mar 31 20:40 MSK
"RangeFilterTest.PrivateNetworkRange" time elapsed: 00:00:00
----------------------------------------------------------

33/46 Testing: RangeFilterTest.LoopbackRange
33/46 Test: RangeFilterTest.LoopbackRange
Command: "/mnt/c/Users/dA_Stronghold/Desktop/CPP/net-log-filtering-system/build/tests/tests_all" "--gtest_filter=RangeFilterTest.LoopbackRange" "--gtest_also_run_disabled_tests"
Directory: /mnt/c/Users/dA_Stronghold/Desktop/CPP/net-log-filtering-system/build/tests
"RangeFilterTest.LoopbackRange" start time: Mar 31 20:40 MSK
Output:
----------------------------------------------------------
Running main() from /mnt/c/Users/dA_Stronghold/Desktop/CPP/net-log-filtering-system/build/_deps/googletest-src/googletest/src/gtest_main.cc
Note: Google Test filter = RangeFilterTest.LoopbackRange
[==========] Running 1 test from 1 test suite.
[----------] Global test environment set-up.
[----------] 1 test from RangeFilterTest
[ RUN      ] RangeFilterTest.LoopbackRange
[       OK ] RangeFilterTest.LoopbackRange (0 ms)
[----------] 1 test from RangeFilterTest (0 ms total)

[----------] Global test environment tear-down
[==========] 1 test from 1 test suite ran. (0 ms total)
[  PASSED  ] 1 test.
<end of output>
Test time =   0.12 sec
----------------------------------------------------------
Test Passed.
"RangeFilterTest.LoopbackRange" end time: Mar 31 20:40 MSK
"RangeFilterTest.LoopbackRange" time elapsed: 00:00:00
----------------------------------------------------------

34/46 Testing: StreamProcessorTest.EmptyInput
34/46 Test: StreamProcessorTest.EmptyInput
Command: "/mnt/c/Users/dA_Stronghold/Desktop/CPP/net-log-filtering-system/build/tests/tests_all" "--gtest_filter=StreamProcessorTest.EmptyInput" "--gtest_also_run_disabled_tests"
Directory: /mnt/c/Users/dA_Stronghold/Desktop/CPP/net-log-filtering-system/build/tests
"StreamProcessorTest.EmptyInput" start time: Mar 31 20:40 MSK
Output:
----------------------------------------------------------
Running main() from /mnt/c/Users/dA_Stronghold/Desktop/CPP/net-log-filtering-system/build/_deps/googletest-src/googletest/src/gtest_main.cc
Note: Google Test filter = StreamProcessorTest.EmptyInput
[==========] Running 1 test from 1 test suite.
[----------] Global test environment set-up.
[----------] 1 test from StreamProcessorTest
[ RUN      ] StreamProcessorTest.EmptyInput
[       OK ] StreamProcessorTest.EmptyInput (0 ms)
[----------] 1 test from StreamProcessorTest (0 ms total)

[----------] Global test environment tear-down
[==========] 1 test from 1 test suite ran. (0 ms total)
[  PASSED  ] 1 test.
<end of output>
Test time =   0.13 sec
----------------------------------------------------------
Test Passed.
"StreamProcessorTest.EmptyInput" end time: Mar 31 20:40 MSK
"StreamProcessorTest.EmptyInput" time elapsed: 00:00:00
----------------------------------------------------------

35/46 Testing: StreamProcessorTest.SingleLineMatch
35/46 Test: StreamProcessorTest.SingleLineMatch
Command: "/mnt/c/Users/dA_Stronghold/Desktop/CPP/net-log-filtering-system/build/tests/tests_all" "--gtest_filter=StreamProcessorTest.SingleLineMatch" "--gtest_also_run_disabled_tests"
Directory: /mnt/c/Users/dA_Stronghold/Desktop/CPP/net-log-filtering-system/build/tests
"StreamProcessorTest.SingleLineMatch" start time: Mar 31 20:40 MSK
Output:
----------------------------------------------------------
Running main() from /mnt/c/Users/dA_Stronghold/Desktop/CPP/net-log-filtering-system/build/_deps/googletest-src/googletest/src/gtest_main.cc
Note: Google Test filter = StreamProcessorTest.SingleLineMatch
[==========] Running 1 test from 1 test suite.
[----------] Global test environment set-up.
[----------] 1 test from StreamProcessorTest
[ RUN      ] StreamProcessorTest.SingleLineMatch
[       OK ] StreamProcessorTest.SingleLineMatch (0 ms)
[----------] 1 test from StreamProcessorTest (0 ms total)

[----------] Global test environment tear-down
[==========] 1 test from 1 test suite ran. (0 ms total)
[  PASSED  ] 1 test.
<end of output>
Test time =   0.12 sec
----------------------------------------------------------
Test Passed.
"StreamProcessorTest.SingleLineMatch" end time: Mar 31 20:40 MSK
"StreamProcessorTest.SingleLineMatch" time elapsed: 00:00:00
----------------------------------------------------------

36/46 Testing: StreamProcessorTest.SingleLineNoMatch
36/46 Test: StreamProcessorTest.SingleLineNoMatch
Command: "/mnt/c/Users/dA_Stronghold/Desktop/CPP/net-log-filtering-system/build/tests/tests_all" "--gtest_filter=StreamProcessorTest.SingleLineNoMatch" "--gtest_also_run_disabled_tests"
Directory: /mnt/c/Users/dA_Stronghold/Desktop/CPP/net-log-filtering-system/build/tests
"StreamProcessorTest.SingleLineNoMatch" start time: Mar 31 20:40 MSK
Output:
----------------------------------------------------------
Running main() from /mnt/c/Users/dA_Stronghold/Desktop/CPP/net-log-filtering-system/build/_deps/googletest-src/googletest/src/gtest_main.cc
Note: Google Test filter = StreamProcessorTest.SingleLineNoMatch
[==========] Running 1 test from 1 test suite.
[----------] Global test environment set-up.
[----------] 1 test from StreamProcessorTest
[ RUN      ] StreamProcessorTest.SingleLineNoMatch
[       OK ] StreamProcessorTest.SingleLineNoMatch (0 ms)
[----------] 1 test from StreamProcessorTest (0 ms total)

[----------] Global test environment tear-down
[==========] 1 test from 1 test suite ran. (0 ms total)
[  PASSED  ] 1 test.
<end of output>
Test time =   0.12 sec
----------------------------------------------------------
Test Passed.
"StreamProcessorTest.SingleLineNoMatch" end time: Mar 31 20:40 MSK
"StreamProcessorTest.SingleLineNoMatch" time elapsed: 00:00:00
----------------------------------------------------------

37/46 Testing: StreamProcessorTest.MultipleLinesMixed
37/46 Test: StreamProcessorTest.MultipleLinesMixed
Command: "/mnt/c/Users/dA_Stronghold/Desktop/CPP/net-log-filtering-system/build/tests/tests_all" "--gtest_filter=StreamProcessorTest.MultipleLinesMixed" "--gtest_also_run_disabled_tests"
Directory: /mnt/c/Users/dA_Stronghold/Desktop/CPP/net-log-filtering-system/build/tests
"StreamProcessorTest.MultipleLinesMixed" start time: Mar 31 20:40 MSK
Output:
----------------------------------------------------------
Running main() from /mnt/c/Users/dA_Stronghold/Desktop/CPP/net-log-filtering-system/build/_deps/googletest-src/googletest/src/gtest_main.cc
Note: Google Test filter = StreamProcessorTest.MultipleLinesMixed
[==========] Running 1 test from 1 test suite.
[----------] Global test environment set-up.
[----------] 1 test from StreamProcessorTest
[ RUN      ] StreamProcessorTest.MultipleLinesMixed
[       OK ] StreamProcessorTest.MultipleLinesMixed (0 ms)
[----------] 1 test from StreamProcessorTest (0 ms total)

[----------] Global test environment tear-down
[==========] 1 test from 1 test suite ran. (0 ms total)
[  PASSED  ] 1 test.
<end of output>
Test time =   0.12 sec
----------------------------------------------------------
Test Passed.
"StreamProcessorTest.MultipleLinesMixed" end time: Mar 31 20:40 MSK
"StreamProcessorTest.MultipleLinesMixed" time elapsed: 00:00:00
----------------------------------------------------------

38/46 Testing: StreamProcessorTest.BatchOutputExact
38/46 Test: StreamProcessorTest.BatchOutputExact
Command: "/mnt/c/Users/dA_Stronghold/Desktop/CPP/net-log-filtering-system/build/tests/tests_all" "--gtest_filter=StreamProcessorTest.BatchOutputExact" "--gtest_also_run_disabled_tests"
Directory: /mnt/c/Users/dA_Stronghold/Desktop/CPP/net-log-filtering-system/build/tests
"StreamProcessorTest.BatchOutputExact" start time: Mar 31 20:40 MSK
Output:
----------------------------------------------------------
Running main() from /mnt/c/Users/dA_Stronghold/Desktop/CPP/net-log-filtering-system/build/_deps/googletest-src/googletest/src/gtest_main.cc
Note: Google Test filter = StreamProcessorTest.BatchOutputExact
[==========] Running 1 test from 1 test suite.
[----------] Global test environment set-up.
[----------] 1 test from StreamProcessorTest
[ RUN      ] StreamProcessorTest.BatchOutputExact
[       OK ] StreamProcessorTest.BatchOutputExact (0 ms)
[----------] 1 test from StreamProcessorTest (0 ms total)

[----------] Global test environment tear-down
[==========] 1 test from 1 test suite ran. (0 ms total)
[  PASSED  ] 1 test.
<end of output>
Test time =   0.12 sec
----------------------------------------------------------
Test Passed.
"StreamProcessorTest.BatchOutputExact" end time: Mar 31 20:40 MSK
"StreamProcessorTest.BatchOutputExact" time elapsed: 00:00:00
----------------------------------------------------------

39/46 Testing: StreamProcessorTest.BatchOutputPartial
39/46 Test: StreamProcessorTest.BatchOutputPartial
Command: "/mnt/c/Users/dA_Stronghold/Desktop/CPP/net-log-filtering-system/build/tests/tests_all" "--gtest_filter=StreamProcessorTest.BatchOutputPartial" "--gtest_also_run_disabled_tests"
Directory: /mnt/c/Users/dA_Stronghold/Desktop/CPP/net-log-filtering-system/build/tests
"StreamProcessorTest.BatchOutputPartial" start time: Mar 31 20:40 MSK
Output:
----------------------------------------------------------
Running main() from /mnt/c/Users/dA_Stronghold/Desktop/CPP/net-log-filtering-system/build/_deps/googletest-src/googletest/src/gtest_main.cc
Note: Google Test filter = StreamProcessorTest.BatchOutputPartial
[==========] Running 1 test from 1 test suite.
[----------] Global test environment set-up.
[----------] 1 test from StreamProcessorTest
[ RUN      ] StreamProcessorTest.BatchOutputPartial
[       OK ] StreamProcessorTest.BatchOutputPartial (1 ms)
[----------] 1 test from StreamProcessorTest (1 ms total)

[----------] Global test environment tear-down
[==========] 1 test from 1 test suite ran. (1 ms total)
[  PASSED  ] 1 test.
<end of output>
Test time =   0.11 sec
----------------------------------------------------------
Test Passed.
"StreamProcessorTest.BatchOutputPartial" end time: Mar 31 20:40 MSK
"StreamProcessorTest.BatchOutputPartial" time elapsed: 00:00:00
----------------------------------------------------------

40/46 Testing: StreamProcessorTest.BatchOutputMultipleBatches
40/46 Test: StreamProcessorTest.BatchOutputMultipleBatches
Command: "/mnt/c/Users/dA_Stronghold/Desktop/CPP/net-log-filtering-system/build/tests/tests_all" "--gtest_filter=StreamProcessorTest.BatchOutputMultipleBatches" "--gtest_also_run_disabled_tests"
Directory: /mnt/c/Users/dA_Stronghold/Desktop/CPP/net-log-filtering-system/build/tests
"StreamProcessorTest.BatchOutputMultipleBatches" start time: Mar 31 20:40 MSK
Output:
----------------------------------------------------------
Running main() from /mnt/c/Users/dA_Stronghold/Desktop/CPP/net-log-filtering-system/build/_deps/googletest-src/googletest/src/gtest_main.cc
Note: Google Test filter = StreamProcessorTest.BatchOutputMultipleBatches
[==========] Running 1 test from 1 test suite.
[----------] Global test environment set-up.
[----------] 1 test from StreamProcessorTest
[ RUN      ] StreamProcessorTest.BatchOutputMultipleBatches
[       OK ] StreamProcessorTest.BatchOutputMultipleBatches (7 ms)
[----------] 1 test from StreamProcessorTest (7 ms total)

[----------] Global test environment tear-down
[==========] 1 test from 1 test suite ran. (7 ms total)
[  PASSED  ] 1 test.
<end of output>
Test time =   0.10 sec
----------------------------------------------------------
Test Passed.
"StreamProcessorTest.BatchOutputMultipleBatches" end time: Mar 31 20:40 MSK
"StreamProcessorTest.BatchOutputMultipleBatches" time elapsed: 00:00:00
----------------------------------------------------------

41/46 Testing: StreamProcessorTest.WithRangeFilter
41/46 Test: StreamProcessorTest.WithRangeFilter
Command: "/mnt/c/Users/dA_Stronghold/Desktop/CPP/net-log-filtering-system/build/tests/tests_all" "--gtest_filter=StreamProcessorTest.WithRangeFilter" "--gtest_also_run_disabled_tests"
Directory: /mnt/c/Users/dA_Stronghold/Desktop/CPP/net-log-filtering-system/build/tests
"StreamProcessorTest.WithRangeFilter" start time: Mar 31 20:40 MSK
Output:
----------------------------------------------------------
Running main() from /mnt/c/Users/dA_Stronghold/Desktop/CPP/net-log-filtering-system/build/_deps/googletest-src/googletest/src/gtest_main.cc
Note: Google Test filter = StreamProcessorTest.WithRangeFilter
[==========] Running 1 test from 1 test suite.
[----------] Global test environment set-up.
[----------] 1 test from StreamProcessorTest
[ RUN      ] StreamProcessorTest.WithRangeFilter
[       OK ] StreamProcessorTest.WithRangeFilter (0 ms)
[----------] 1 test from StreamProcessorTest (0 ms total)

[----------] Global test environment tear-down
[==========] 1 test from 1 test suite ran. (0 ms total)
[  PASSED  ] 1 test.
<end of output>
Test time =   0.11 sec
----------------------------------------------------------
Test Passed.
"StreamProcessorTest.WithRangeFilter" end time: Mar 31 20:40 MSK
"StreamProcessorTest.WithRangeFilter" time elapsed: 00:00:00
----------------------------------------------------------

42/46 Testing: StreamProcessorTest.WithCompositeFilter
42/46 Test: StreamProcessorTest.WithCompositeFilter
Command: "/mnt/c/Users/dA_Stronghold/Desktop/CPP/net-log-filtering-system/build/tests/tests_all" "--gtest_filter=StreamProcessorTest.WithCompositeFilter" "--gtest_also_run_disabled_tests"
Directory: /mnt/c/Users/dA_Stronghold/Desktop/CPP/net-log-filtering-system/build/tests
"StreamProcessorTest.WithCompositeFilter" start time: Mar 31 20:40 MSK
Output:
----------------------------------------------------------
Running main() from /mnt/c/Users/dA_Stronghold/Desktop/CPP/net-log-filtering-system/build/_deps/googletest-src/googletest/src/gtest_main.cc
Note: Google Test filter = StreamProcessorTest.WithCompositeFilter
[==========] Running 1 test from 1 test suite.
[----------] Global test environment set-up.
[----------] 1 test from StreamProcessorTest
[ RUN      ] StreamProcessorTest.WithCompositeFilter
[       OK ] StreamProcessorTest.WithCompositeFilter (0 ms)
[----------] 1 test from StreamProcessorTest (0 ms total)

[----------] Global test environment tear-down
[==========] 1 test from 1 test suite ran. (0 ms total)
[  PASSED  ] 1 test.
<end of output>
Test time =   0.10 sec
----------------------------------------------------------
Test Passed.
"StreamProcessorTest.WithCompositeFilter" end time: Mar 31 20:40 MSK
"StreamProcessorTest.WithCompositeFilter" time elapsed: 00:00:00
----------------------------------------------------------

43/46 Testing: StreamProcessorTest.InvalidIpLinesIgnored
43/46 Test: StreamProcessorTest.InvalidIpLinesIgnored
Command: "/mnt/c/Users/dA_Stronghold/Desktop/CPP/net-log-filtering-system/build/tests/tests_all" "--gtest_filter=StreamProcessorTest.InvalidIpLinesIgnored" "--gtest_also_run_disabled_tests"
Directory: /mnt/c/Users/dA_Stronghold/Desktop/CPP/net-log-filtering-system/build/tests
"StreamProcessorTest.InvalidIpLinesIgnored" start time: Mar 31 20:40 MSK
Output:
----------------------------------------------------------
Running main() from /mnt/c/Users/dA_Stronghold/Desktop/CPP/net-log-filtering-system/build/_deps/googletest-src/googletest/src/gtest_main.cc
Note: Google Test filter = StreamProcessorTest.InvalidIpLinesIgnored
[==========] Running 1 test from 1 test suite.
[----------] Global test environment set-up.
[----------] 1 test from StreamProcessorTest
[ RUN      ] StreamProcessorTest.InvalidIpLinesIgnored
[       OK ] StreamProcessorTest.InvalidIpLinesIgnored (0 ms)
[----------] 1 test from StreamProcessorTest (0 ms total)

[----------] Global test environment tear-down
[==========] 1 test from 1 test suite ran. (0 ms total)
[  PASSED  ] 1 test.
<end of output>
Test time =   0.10 sec
----------------------------------------------------------
Test Passed.
"StreamProcessorTest.InvalidIpLinesIgnored" end time: Mar 31 20:40 MSK
"StreamProcessorTest.InvalidIpLinesIgnored" time elapsed: 00:00:00
----------------------------------------------------------

44/46 Testing: StreamProcessorTest.EdgeCaseZeroIP
44/46 Test: StreamProcessorTest.EdgeCaseZeroIP
Command: "/mnt/c/Users/dA_Stronghold/Desktop/CPP/net-log-filtering-system/build/tests/tests_all" "--gtest_filter=StreamProcessorTest.EdgeCaseZeroIP" "--gtest_also_run_disabled_tests"
Directory: /mnt/c/Users/dA_Stronghold/Desktop/CPP/net-log-filtering-system/build/tests
"StreamProcessorTest.EdgeCaseZeroIP" start time: Mar 31 20:40 MSK
Output:
----------------------------------------------------------
Running main() from /mnt/c/Users/dA_Stronghold/Desktop/CPP/net-log-filtering-system/build/_deps/googletest-src/googletest/src/gtest_main.cc
Note: Google Test filter = StreamProcessorTest.EdgeCaseZeroIP
[==========] Running 1 test from 1 test suite.
[----------] Global test environment set-up.
[----------] 1 test from StreamProcessorTest
[ RUN      ] StreamProcessorTest.EdgeCaseZeroIP
[       OK ] StreamProcessorTest.EdgeCaseZeroIP (0 ms)
[----------] 1 test from StreamProcessorTest (0 ms total)

[----------] Global test environment tear-down
[==========] 1 test from 1 test suite ran. (0 ms total)
[  PASSED  ] 1 test.
<end of output>
Test time =   0.12 sec
----------------------------------------------------------
Test Passed.
"StreamProcessorTest.EdgeCaseZeroIP" end time: Mar 31 20:40 MSK
"StreamProcessorTest.EdgeCaseZeroIP" time elapsed: 00:00:00
----------------------------------------------------------

45/46 Testing: StreamProcessorTest.EdgeCaseNetworkAndBroadcast
45/46 Test: StreamProcessorTest.EdgeCaseNetworkAndBroadcast
Command: "/mnt/c/Users/dA_Stronghold/Desktop/CPP/net-log-filtering-system/build/tests/tests_all" "--gtest_filter=StreamProcessorTest.EdgeCaseNetworkAndBroadcast" "--gtest_also_run_disabled_tests"
Directory: /mnt/c/Users/dA_Stronghold/Desktop/CPP/net-log-filtering-system/build/tests
"StreamProcessorTest.EdgeCaseNetworkAndBroadcast" start time: Mar 31 20:40 MSK
Output:
----------------------------------------------------------
Running main() from /mnt/c/Users/dA_Stronghold/Desktop/CPP/net-log-filtering-system/build/_deps/googletest-src/googletest/src/gtest_main.cc
Note: Google Test filter = StreamProcessorTest.EdgeCaseNetworkAndBroadcast
[==========] Running 1 test from 1 test suite.
[----------] Global test environment set-up.
[----------] 1 test from StreamProcessorTest
[ RUN      ] StreamProcessorTest.EdgeCaseNetworkAndBroadcast
[       OK ] StreamProcessorTest.EdgeCaseNetworkAndBroadcast (0 ms)
[----------] 1 test from StreamProcessorTest (0 ms total)

[----------] Global test environment tear-down
[==========] 1 test from 1 test suite ran. (0 ms total)
[  PASSED  ] 1 test.
<end of output>
Test time =   0.12 sec
----------------------------------------------------------
Test Passed.
"StreamProcessorTest.EdgeCaseNetworkAndBroadcast" end time: Mar 31 20:40 MSK
"StreamProcessorTest.EdgeCaseNetworkAndBroadcast" time elapsed: 00:00:00
----------------------------------------------------------

46/46 Testing: StreamProcessorTest.LargeInputNoMemoryLeak
46/46 Test: StreamProcessorTest.LargeInputNoMemoryLeak
Command: "/mnt/c/Users/dA_Stronghold/Desktop/CPP/net-log-filtering-system/build/tests/tests_all" "--gtest_filter=StreamProcessorTest.LargeInputNoMemoryLeak" "--gtest_also_run_disabled_tests"
Directory: /mnt/c/Users/dA_Stronghold/Desktop/CPP/net-log-filtering-system/build/tests
"StreamProcessorTest.LargeInputNoMemoryLeak" start time: Mar 31 20:40 MSK
Output:
----------------------------------------------------------
Running main() from /mnt/c/Users/dA_Stronghold/Desktop/CPP/net-log-filtering-system/build/_deps/googletest-src/googletest/src/gtest_main.cc
Note: Google Test filter = StreamProcessorTest.LargeInputNoMemoryLeak
[==========] Running 1 test from 1 test suite.
[----------] Global test environment set-up.
[----------] 1 test from StreamProcessorTest
[ RUN      ] StreamProcessorTest.LargeInputNoMemoryLeak
[       OK ] StreamProcessorTest.LargeInputNoMemoryLeak (226 ms)
[----------] 1 test from StreamProcessorTest (226 ms total)

[----------] Global test environment tear-down
[==========] 1 test from 1 test suite ran. (226 ms total)
[  PASSED  ] 1 test.
<end of output>
Test time =   0.36 sec
----------------------------------------------------------
Test Passed.
"StreamProcessorTest.LargeInputNoMemoryLeak" end time: Mar 31 20:40 MSK
"StreamProcessorTest.LargeInputNoMemoryLeak" time elapsed: 00:00:00
----------------------------------------------------------

End testing: Mar 31 20:40 MSK
